{"contracts/BasicToken.sol":{"l":{"21":1,"30":7,"31":6,"33":5,"34":5,"35":5,"36":5,"45":12},"path":"/home/nico/Desktop/public_repos/single_multisig/contracts/BasicToken.sol","s":{"1":1,"2":7,"3":6,"4":5,"5":5,"6":5,"7":5,"8":12},"b":{"1":[6,1],"2":[5,1]},"f":{"1":1,"2":7,"3":12},"fnMap":{"1":{"name":"totalSupply","line":20,"loc":{"start":{"line":20,"column":4},"end":{"line":20,"column":54}}},"2":{"name":"transfer","line":29,"loc":{"start":{"line":29,"column":4},"end":{"line":29,"column":70}}},"3":{"name":"balanceOf","line":44,"loc":{"start":{"line":44,"column":4},"end":{"line":44,"column":66}}}},"statementMap":{"1":{"start":{"line":21,"column":8},"end":{"line":21,"column":27}},"2":{"start":{"line":30,"column":8},"end":{"line":30,"column":33}},"3":{"start":{"line":31,"column":8},"end":{"line":31,"column":46}},"4":{"start":{"line":33,"column":8},"end":{"line":33,"column":62}},"5":{"start":{"line":34,"column":8},"end":{"line":34,"column":48}},"6":{"start":{"line":35,"column":8},"end":{"line":35,"column":46}},"7":{"start":{"line":36,"column":8},"end":{"line":36,"column":19}},"8":{"start":{"line":45,"column":8},"end":{"line":45,"column":31}}},"branchMap":{"1":{"line":30,"type":"if","locations":[{"start":{"line":30,"column":8},"end":{"line":30,"column":8}},{"start":{"line":30,"column":8},"end":{"line":30,"column":8}}]},"2":{"line":31,"type":"if","locations":[{"start":{"line":31,"column":8},"end":{"line":31,"column":8}},{"start":{"line":31,"column":8},"end":{"line":31,"column":8}}]}}},"contracts/ERC20.sol":{"l":{},"path":"/home/nico/Desktop/public_repos/single_multisig/contracts/ERC20.sol","s":{},"b":{},"f":{},"fnMap":{},"statementMap":{},"branchMap":{}},"contracts/ERC20Basic.sol":{"l":{},"path":"/home/nico/Desktop/public_repos/single_multisig/contracts/ERC20Basic.sol","s":{},"b":{},"f":{},"fnMap":{},"statementMap":{},"branchMap":{}},"contracts/mocks/SafeMathMock.sol":{"l":{"8":3,"12":2,"16":2,"20":2},"path":"/home/nico/Desktop/public_repos/single_multisig/contracts/mocks/SafeMathMock.sol","s":{"1":3,"2":2,"3":2,"4":2},"b":{},"f":{"1":3,"2":2,"3":2,"4":2},"fnMap":{"1":{"name":"mul","line":7,"loc":{"start":{"line":7,"column":4},"end":{"line":7,"column":66}}},"2":{"name":"div","line":11,"loc":{"start":{"line":11,"column":4},"end":{"line":11,"column":66}}},"3":{"name":"sub","line":15,"loc":{"start":{"line":15,"column":4},"end":{"line":15,"column":66}}},"4":{"name":"add","line":19,"loc":{"start":{"line":19,"column":4},"end":{"line":19,"column":66}}}},"statementMap":{"1":{"start":{"line":8,"column":8},"end":{"line":8,"column":33}},"2":{"start":{"line":12,"column":8},"end":{"line":12,"column":33}},"3":{"start":{"line":16,"column":8},"end":{"line":16,"column":33}},"4":{"start":{"line":20,"column":8},"end":{"line":20,"column":33}}},"branchMap":{}},"contracts/mocks/StandardTokenMock.sol":{"l":{"9":40,"10":40},"path":"/home/nico/Desktop/public_repos/single_multisig/contracts/mocks/StandardTokenMock.sol","s":{"1":40,"2":40},"b":{},"f":{"1":40},"fnMap":{"1":{"name":null,"line":8,"loc":{"start":{"line":8,"column":4},"end":{"line":8,"column":68}}}},"statementMap":{"1":{"start":{"line":9,"column":8},"end":{"line":9,"column":48}},"2":{"start":{"line":10,"column":8},"end":{"line":10,"column":36}}},"branchMap":{}},"contracts/Ownable.sol":{"l":{"18":9,"25":8,"26":7,"34":7,"35":6,"36":6},"path":"/home/nico/Desktop/public_repos/single_multisig/contracts/Ownable.sol","s":{"1":9,"2":8,"3":7,"4":6,"5":6},"b":{"1":[7,1],"2":[6,1]},"f":{"1":9,"2":8,"3":7},"fnMap":{"1":{"name":null,"line":17,"loc":{"start":{"line":17,"column":4},"end":{"line":17,"column":22}}},"2":{"name":"onlyOwner","line":24,"loc":{"start":{"line":24,"column":4},"end":{"line":24,"column":22}}},"3":{"name":"transferOwnership","line":33,"loc":{"start":{"line":33,"column":4},"end":{"line":33,"column":63}}}},"statementMap":{"1":{"start":{"line":18,"column":8},"end":{"line":18,"column":25}},"2":{"start":{"line":25,"column":8},"end":{"line":25,"column":35}},"3":{"start":{"line":34,"column":8},"end":{"line":34,"column":38}},"4":{"start":{"line":35,"column":8},"end":{"line":35,"column":50}},"5":{"start":{"line":36,"column":8},"end":{"line":36,"column":23}}},"branchMap":{"1":{"line":25,"type":"if","locations":[{"start":{"line":25,"column":8},"end":{"line":25,"column":8}},{"start":{"line":25,"column":8},"end":{"line":25,"column":8}}]},"2":{"line":34,"type":"if","locations":[{"start":{"line":34,"column":8},"end":{"line":34,"column":8}},{"start":{"line":34,"column":8},"end":{"line":34,"column":8}}]}}},"contracts/SafeMath.sol":{"l":{"14":3,"15":1,"17":2,"18":2,"19":1,"29":2,"36":15,"37":14,"44":18,"45":18,"46":17},"path":"/home/nico/Desktop/public_repos/single_multisig/contracts/SafeMath.sol","s":{"1":3,"2":1,"3":2,"4":2,"5":1,"6":2,"7":15,"8":14,"9":18,"10":18,"11":17},"b":{"1":[1,2],"2":[1,1],"3":[14,1],"4":[17,1]},"f":{"1":3,"2":2,"3":15,"4":18},"fnMap":{"1":{"name":"mul","line":13,"loc":{"start":{"line":13,"column":4},"end":{"line":13,"column":70}}},"2":{"name":"div","line":25,"loc":{"start":{"line":25,"column":4},"end":{"line":25,"column":68}}},"3":{"name":"sub","line":35,"loc":{"start":{"line":35,"column":4},"end":{"line":35,"column":68}}},"4":{"name":"add","line":43,"loc":{"start":{"line":43,"column":4},"end":{"line":43,"column":70}}}},"statementMap":{"1":{"start":{"line":14,"column":8},"end":{"line":14,"column":299}},"2":{"start":{"line":15,"column":12},"end":{"line":15,"column":20}},"3":{"start":{"line":17,"column":8},"end":{"line":17,"column":16}},"4":{"start":{"line":18,"column":8},"end":{"line":18,"column":25}},"5":{"start":{"line":19,"column":8},"end":{"line":19,"column":16}},"6":{"start":{"line":29,"column":8},"end":{"line":29,"column":20}},"7":{"start":{"line":36,"column":8},"end":{"line":36,"column":21}},"8":{"start":{"line":37,"column":8},"end":{"line":37,"column":20}},"9":{"start":{"line":44,"column":8},"end":{"line":44,"column":16}},"10":{"start":{"line":45,"column":8},"end":{"line":45,"column":21}},"11":{"start":{"line":46,"column":8},"end":{"line":46,"column":16}}},"branchMap":{"1":{"line":14,"type":"if","locations":[{"start":{"line":14,"column":8},"end":{"line":14,"column":8}},{"start":{"line":14,"column":8},"end":{"line":14,"column":8}}]},"2":{"line":18,"type":"if","locations":[{"start":{"line":18,"column":8},"end":{"line":18,"column":8}},{"start":{"line":18,"column":8},"end":{"line":18,"column":8}}]},"3":{"line":36,"type":"if","locations":[{"start":{"line":36,"column":8},"end":{"line":36,"column":8}},{"start":{"line":36,"column":8},"end":{"line":36,"column":8}}]},"4":{"line":45,"type":"if","locations":[{"start":{"line":45,"column":8},"end":{"line":45,"column":8}},{"start":{"line":45,"column":8},"end":{"line":45,"column":8}}]}}},"contracts/SingleMultisig.sol":{"l":{"51":0,"52":0,"56":0,"57":0,"61":8,"62":8,"66":5,"67":2,"72":4,"73":4,"77":4,"78":4,"82":4,"83":4,"87":4,"88":4,"92":2,"93":2,"97":5,"100":5,"108":2,"109":2,"123":5,"124":15,"125":15,"127":5,"128":5,"129":5,"142":2,"143":2,"154":4,"155":4,"156":4,"167":0,"168":0,"179":4,"180":2,"181":2,"182":2,"183":2,"184":2,"187":0,"188":0,"201":8,"202":8,"203":20,"204":12,"205":20,"206":4,"223":2,"224":2,"230":2,"231":2,"245":4,"246":12,"247":6,"259":0,"270":4,"271":4,"272":4,"273":4,"274":12,"275":6,"276":6,"278":4,"279":4,"280":6},"path":"/home/nico/Desktop/public_repos/single_multisig/contracts/SingleMultisig.sol","s":{"1":0,"2":0,"3":8,"4":5,"5":4,"6":4,"7":4,"8":4,"9":2,"10":5,"11":2,"12":2,"13":5,"14":15,"15":15,"16":5,"17":5,"18":5,"19":2,"20":2,"21":4,"22":4,"23":4,"24":0,"25":0,"26":4,"27":2,"28":2,"29":2,"30":2,"31":2,"32":0,"33":0,"34":8,"35":8,"36":20,"37":12,"38":20,"39":4,"40":2,"41":2,"42":2,"43":2,"44":4,"45":12,"46":6,"47":0,"48":4,"49":4,"50":4,"51":12,"52":6,"53":6,"54":4,"55":4,"56":6},"b":{"1":[0,0],"2":[0,0],"3":[8,0],"4":[2,3],"5":[4,0],"6":[4,0],"7":[4,0],"8":[4,0],"9":[2,0],"10":[5,0],"11":[2,0],"12":[15,0],"13":[2,2],"14":[2,0],"15":[12,8],"16":[4,16],"17":[6,6],"18":[6,6]},"f":{"1":0,"2":0,"3":8,"4":5,"5":4,"6":4,"7":4,"8":4,"9":2,"10":5,"11":2,"12":5,"13":2,"14":4,"15":0,"16":4,"17":8,"18":2,"19":4,"20":0,"21":4},"fnMap":{"1":{"name":"onlyWallet","line":50,"loc":{"start":{"line":50,"column":4},"end":{"line":50,"column":23}}},"2":{"name":"ownerDoesNotExist","line":55,"loc":{"start":{"line":55,"column":4},"end":{"line":55,"column":43}}},"3":{"name":"ownerExists","line":60,"loc":{"start":{"line":60,"column":4},"end":{"line":60,"column":37}}},"4":{"name":"onlyOneTransaction","line":65,"loc":{"start":{"line":65,"column":4},"end":{"line":65,"column":31}}},"5":{"name":"transactionExists","line":71,"loc":{"start":{"line":71,"column":4},"end":{"line":71,"column":48}}},"6":{"name":"confirmed","line":76,"loc":{"start":{"line":76,"column":4},"end":{"line":76,"column":55}}},"7":{"name":"notConfirmed","line":81,"loc":{"start":{"line":81,"column":4},"end":{"line":81,"column":58}}},"8":{"name":"notExecuted","line":86,"loc":{"start":{"line":86,"column":4},"end":{"line":86,"column":42}}},"9":{"name":"notNull","line":91,"loc":{"start":{"line":91,"column":4},"end":{"line":91,"column":36}}},"10":{"name":"validRequirement","line":96,"loc":{"start":{"line":96,"column":4},"end":{"line":96,"column":60}}},"11":{"name":null,"line":104,"loc":{"start":{"line":104,"column":4},"end":{"line":107,"column":5}}},"12":{"name":null,"line":119,"loc":{"start":{"line":119,"column":4},"end":{"line":122,"column":5}}},"13":{"name":"submitTransaction","line":137,"loc":{"start":{"line":137,"column":4},"end":{"line":141,"column":5}}},"14":{"name":"confirmTransaction","line":148,"loc":{"start":{"line":148,"column":4},"end":{"line":153,"column":5}}},"15":{"name":"revokeConfirmation","line":161,"loc":{"start":{"line":161,"column":4},"end":{"line":166,"column":5}}},"16":{"name":"executeTransaction","line":173,"loc":{"start":{"line":173,"column":4},"end":{"line":178,"column":5}}},"17":{"name":"isConfirmed","line":196,"loc":{"start":{"line":196,"column":4},"end":{"line":200,"column":5}}},"18":{"name":"addTransaction","line":218,"loc":{"start":{"line":218,"column":4},"end":{"line":222,"column":5}}},"19":{"name":"getConfirmationCount","line":240,"loc":{"start":{"line":240,"column":4},"end":{"line":244,"column":5}}},"20":{"name":"getOwners","line":254,"loc":{"start":{"line":254,"column":4},"end":{"line":258,"column":5}}},"21":{"name":"getConfirmations","line":265,"loc":{"start":{"line":265,"column":4},"end":{"line":269,"column":5}}}},"statementMap":{"1":{"start":{"line":51,"column":8},"end":{"line":51,"column":43}},"2":{"start":{"line":56,"column":8},"end":{"line":56,"column":31}},"3":{"start":{"line":61,"column":8},"end":{"line":61,"column":30}},"4":{"start":{"line":66,"column":8},"end":{"line":66,"column":37}},"5":{"start":{"line":72,"column":8},"end":{"line":72,"column":60}},"6":{"start":{"line":77,"column":8},"end":{"line":77,"column":51}},"7":{"start":{"line":82,"column":8},"end":{"line":82,"column":52}},"8":{"start":{"line":87,"column":8},"end":{"line":87,"column":53}},"9":{"start":{"line":92,"column":8},"end":{"line":92,"column":29}},"10":{"start":{"line":97,"column":8},"end":{"line":97,"column":2410}},"11":{"start":{"line":108,"column":8},"end":{"line":108,"column":2672}},"12":{"start":{"line":109,"column":12},"end":{"line":109,"column":47}},"13":{"start":{"line":123,"column":8},"end":{"line":123,"column":3128}},"14":{"start":{"line":124,"column":12},"end":{"line":124,"column":59}},"15":{"start":{"line":125,"column":12},"end":{"line":125,"column":37}},"16":{"start":{"line":127,"column":8},"end":{"line":127,"column":23}},"17":{"start":{"line":128,"column":8},"end":{"line":128,"column":27}},"18":{"start":{"line":129,"column":8},"end":{"line":129,"column":39}},"19":{"start":{"line":142,"column":8},"end":{"line":142,"column":63}},"20":{"start":{"line":143,"column":8},"end":{"line":143,"column":40}},"21":{"start":{"line":154,"column":8},"end":{"line":154,"column":54}},"22":{"start":{"line":155,"column":8},"end":{"line":155,"column":52}},"23":{"start":{"line":156,"column":8},"end":{"line":156,"column":40}},"24":{"start":{"line":167,"column":8},"end":{"line":167,"column":55}},"25":{"start":{"line":168,"column":8},"end":{"line":168,"column":50}},"26":{"start":{"line":179,"column":8},"end":{"line":179,"column":5097}},"27":{"start":{"line":180,"column":12},"end":{"line":180,"column":64}},"28":{"start":{"line":181,"column":12},"end":{"line":181,"column":30}},"29":{"start":{"line":182,"column":12},"end":{"line":182,"column":5247}},"30":{"start":{"line":183,"column":16},"end":{"line":183,"column":45}},"31":{"start":{"line":184,"column":16},"end":{"line":184,"column":39}},"32":{"start":{"line":187,"column":16},"end":{"line":187,"column":52}},"33":{"start":{"line":188,"column":16},"end":{"line":188,"column":35}},"34":{"start":{"line":201,"column":8},"end":{"line":201,"column":21}},"35":{"start":{"line":202,"column":8},"end":{"line":202,"column":5856}},"36":{"start":{"line":203,"column":12},"end":{"line":203,"column":5929}},"37":{"start":{"line":204,"column":16},"end":{"line":204,"column":25}},"38":{"start":{"line":205,"column":12},"end":{"line":205,"column":6015}},"39":{"start":{"line":206,"column":16},"end":{"line":206,"column":27}},"40":{"start":{"line":223,"column":8},"end":{"line":223,"column":39}},"41":{"start":{"line":224,"column":8},"end":{"line":224,"column":6605}},"42":{"start":{"line":230,"column":8},"end":{"line":230,"column":28}},"43":{"start":{"line":231,"column":8},"end":{"line":231,"column":38}},"44":{"start":{"line":245,"column":8},"end":{"line":245,"column":7174}},"45":{"start":{"line":246,"column":12},"end":{"line":246,"column":7227}},"46":{"start":{"line":247,"column":16},"end":{"line":247,"column":25}},"47":{"start":{"line":259,"column":8},"end":{"line":259,"column":21}},"48":{"start":{"line":270,"column":8},"end":{"line":270,"column":72}},"49":{"start":{"line":271,"column":8},"end":{"line":271,"column":21}},"50":{"start":{"line":273,"column":8},"end":{"line":273,"column":7942}},"51":{"start":{"line":274,"column":12},"end":{"line":274,"column":7990}},"52":{"start":{"line":275,"column":16},"end":{"line":275,"column":51}},"53":{"start":{"line":276,"column":16},"end":{"line":276,"column":25}},"54":{"start":{"line":278,"column":8},"end":{"line":278,"column":44}},"55":{"start":{"line":279,"column":8},"end":{"line":279,"column":8228}},"56":{"start":{"line":280,"column":12},"end":{"line":280,"column":51}}},"branchMap":{"1":{"line":51,"type":"if","locations":[{"start":{"line":51,"column":8},"end":{"line":51,"column":8}},{"start":{"line":51,"column":8},"end":{"line":51,"column":8}}]},"2":{"line":56,"type":"if","locations":[{"start":{"line":56,"column":8},"end":{"line":56,"column":8}},{"start":{"line":56,"column":8},"end":{"line":56,"column":8}}]},"3":{"line":61,"type":"if","locations":[{"start":{"line":61,"column":8},"end":{"line":61,"column":8}},{"start":{"line":61,"column":8},"end":{"line":61,"column":8}}]},"4":{"line":66,"type":"if","locations":[{"start":{"line":66,"column":8},"end":{"line":66,"column":8}},{"start":{"line":66,"column":8},"end":{"line":66,"column":8}}]},"5":{"line":72,"type":"if","locations":[{"start":{"line":72,"column":8},"end":{"line":72,"column":8}},{"start":{"line":72,"column":8},"end":{"line":72,"column":8}}]},"6":{"line":77,"type":"if","locations":[{"start":{"line":77,"column":8},"end":{"line":77,"column":8}},{"start":{"line":77,"column":8},"end":{"line":77,"column":8}}]},"7":{"line":82,"type":"if","locations":[{"start":{"line":82,"column":8},"end":{"line":82,"column":8}},{"start":{"line":82,"column":8},"end":{"line":82,"column":8}}]},"8":{"line":87,"type":"if","locations":[{"start":{"line":87,"column":8},"end":{"line":87,"column":8}},{"start":{"line":87,"column":8},"end":{"line":87,"column":8}}]},"9":{"line":92,"type":"if","locations":[{"start":{"line":92,"column":8},"end":{"line":92,"column":8}},{"start":{"line":92,"column":8},"end":{"line":92,"column":8}}]},"10":{"line":97,"type":"if","locations":[{"start":{"line":97,"column":8},"end":{"line":97,"column":8}},{"start":{"line":97,"column":8},"end":{"line":97,"column":8}}]},"11":{"line":108,"type":"if","locations":[{"start":{"line":108,"column":8},"end":{"line":108,"column":8}},{"start":{"line":108,"column":8},"end":{"line":108,"column":8}}]},"12":{"line":124,"type":"if","locations":[{"start":{"line":124,"column":12},"end":{"line":124,"column":12}},{"start":{"line":124,"column":12},"end":{"line":124,"column":12}}]},"13":{"line":179,"type":"if","locations":[{"start":{"line":179,"column":8},"end":{"line":179,"column":8}},{"start":{"line":179,"column":8},"end":{"line":179,"column":8}}]},"14":{"line":182,"type":"if","locations":[{"start":{"line":182,"column":12},"end":{"line":182,"column":12}},{"start":{"line":182,"column":12},"end":{"line":182,"column":12}}]},"15":{"line":203,"type":"if","locations":[{"start":{"line":203,"column":12},"end":{"line":203,"column":12}},{"start":{"line":203,"column":12},"end":{"line":203,"column":12}}]},"16":{"line":205,"type":"if","locations":[{"start":{"line":205,"column":12},"end":{"line":205,"column":12}},{"start":{"line":205,"column":12},"end":{"line":205,"column":12}}]},"17":{"line":246,"type":"if","locations":[{"start":{"line":246,"column":12},"end":{"line":246,"column":12}},{"start":{"line":246,"column":12},"end":{"line":246,"column":12}}]},"18":{"line":274,"type":"if","locations":[{"start":{"line":274,"column":12},"end":{"line":274,"column":12}},{"start":{"line":274,"column":12},"end":{"line":274,"column":12}}]}}},"contracts/StandardToken.sol":{"l":{"26":7,"27":6,"28":4,"30":3,"31":3,"32":3,"33":3,"34":3,"48":21,"49":21,"50":21,"60":16,"74":8,"75":8,"76":8,"90":8,"91":8,"92":6,"94":2,"96":8,"97":8},"path":"/home/nico/Desktop/public_repos/single_multisig/contracts/StandardToken.sol","s":{"1":7,"2":6,"3":4,"4":3,"5":3,"6":3,"7":3,"8":3,"9":21,"10":21,"11":21,"12":16,"13":8,"14":8,"15":8,"16":8,"17":8,"18":6,"19":2,"20":8,"21":8},"b":{"1":[6,1],"2":[4,2],"3":[3,1],"4":[6,2]},"f":{"1":7,"2":21,"3":16,"4":8,"5":8},"fnMap":{"1":{"name":"transferFrom","line":25,"loc":{"start":{"line":25,"column":4},"end":{"line":25,"column":89}}},"2":{"name":"approve","line":47,"loc":{"start":{"line":47,"column":4},"end":{"line":47,"column":74}}},"3":{"name":"allowance","line":59,"loc":{"start":{"line":59,"column":4},"end":{"line":59,"column":84}}},"4":{"name":"increaseApproval","line":73,"loc":{"start":{"line":73,"column":4},"end":{"line":73,"column":85}}},"5":{"name":"decreaseApproval","line":89,"loc":{"start":{"line":89,"column":4},"end":{"line":89,"column":90}}}},"statementMap":{"1":{"start":{"line":26,"column":8},"end":{"line":26,"column":33}},"2":{"start":{"line":27,"column":8},"end":{"line":27,"column":41}},"3":{"start":{"line":28,"column":8},"end":{"line":28,"column":52}},"4":{"start":{"line":30,"column":8},"end":{"line":30,"column":52}},"5":{"start":{"line":31,"column":8},"end":{"line":31,"column":48}},"6":{"start":{"line":32,"column":8},"end":{"line":32,"column":74}},"7":{"start":{"line":33,"column":8},"end":{"line":33,"column":41}},"8":{"start":{"line":34,"column":8},"end":{"line":34,"column":19}},"9":{"start":{"line":48,"column":8},"end":{"line":48,"column":45}},"10":{"start":{"line":49,"column":8},"end":{"line":49,"column":51}},"11":{"start":{"line":50,"column":8},"end":{"line":50,"column":19}},"12":{"start":{"line":60,"column":8},"end":{"line":60,"column":40}},"13":{"start":{"line":74,"column":8},"end":{"line":74,"column":85}},"14":{"start":{"line":75,"column":8},"end":{"line":75,"column":74}},"15":{"start":{"line":76,"column":8},"end":{"line":76,"column":19}},"16":{"start":{"line":90,"column":8},"end":{"line":90,"column":52}},"17":{"start":{"line":91,"column":8},"end":{"line":91,"column":3944}},"18":{"start":{"line":92,"column":12},"end":{"line":92,"column":44}},"19":{"start":{"line":94,"column":12},"end":{"line":94,"column":73}},"20":{"start":{"line":96,"column":8},"end":{"line":96,"column":74}},"21":{"start":{"line":97,"column":8},"end":{"line":97,"column":19}}},"branchMap":{"1":{"line":26,"type":"if","locations":[{"start":{"line":26,"column":8},"end":{"line":26,"column":8}},{"start":{"line":26,"column":8},"end":{"line":26,"column":8}}]},"2":{"line":27,"type":"if","locations":[{"start":{"line":27,"column":8},"end":{"line":27,"column":8}},{"start":{"line":27,"column":8},"end":{"line":27,"column":8}}]},"3":{"line":28,"type":"if","locations":[{"start":{"line":28,"column":8},"end":{"line":28,"column":8}},{"start":{"line":28,"column":8},"end":{"line":28,"column":8}}]},"4":{"line":91,"type":"if","locations":[{"start":{"line":91,"column":8},"end":{"line":91,"column":8}},{"start":{"line":91,"column":8},"end":{"line":91,"column":8}}]}}}}