{"contracts/Destructible.sol":{"l":{"17":1,"21":1},"path":"/home/nico/Desktop/public_repos/single_multisig/contracts/Destructible.sol","s":{"1":1,"2":1},"b":{},"f":{"1":7,"2":1,"3":1},"fnMap":{"1":{"name":null,"line":11,"loc":{"start":{"line":11,"column":4},"end":{"line":11,"column":30}}},"2":{"name":"destroy","line":16,"loc":{"start":{"line":16,"column":4},"end":{"line":16,"column":37}}},"3":{"name":"destroyAndSend","line":20,"loc":{"start":{"line":20,"column":4},"end":{"line":20,"column":62}}}},"statementMap":{"1":{"start":{"line":17,"column":8},"end":{"line":17,"column":26}},"2":{"start":{"line":21,"column":8},"end":{"line":21,"column":31}}},"branchMap":{}},"contracts/Ownable.sol":{"l":{"20":11,"27":10,"28":9,"36":7,"37":6,"38":6},"path":"/home/nico/Desktop/public_repos/single_multisig/contracts/Ownable.sol","s":{"1":11,"2":10,"3":7,"4":6,"5":6},"b":{"1":[9,1],"2":[6,1]},"f":{"1":11,"2":10,"3":7},"fnMap":{"1":{"name":null,"line":19,"loc":{"start":{"line":19,"column":4},"end":{"line":19,"column":22}}},"2":{"name":"onlyOwner","line":26,"loc":{"start":{"line":26,"column":4},"end":{"line":26,"column":22}}},"3":{"name":"transferOwnership","line":35,"loc":{"start":{"line":35,"column":4},"end":{"line":35,"column":63}}}},"statementMap":{"1":{"start":{"line":20,"column":8},"end":{"line":20,"column":25}},"2":{"start":{"line":27,"column":8},"end":{"line":27,"column":35}},"3":{"start":{"line":36,"column":8},"end":{"line":36,"column":38}},"4":{"start":{"line":37,"column":8},"end":{"line":37,"column":50}},"5":{"start":{"line":38,"column":8},"end":{"line":38,"column":23}}},"branchMap":{"1":{"line":27,"type":"if","locations":[{"start":{"line":27,"column":8},"end":{"line":27,"column":8}},{"start":{"line":27,"column":8},"end":{"line":27,"column":8}}]},"2":{"line":36,"type":"if","locations":[{"start":{"line":36,"column":8},"end":{"line":36,"column":8}},{"start":{"line":36,"column":8},"end":{"line":36,"column":8}}]}}},"contracts/SingleMultisig.sol":{"l":{"52":0,"53":0,"57":0,"58":0,"62":8,"63":8,"67":5,"68":2,"73":4,"74":4,"78":4,"79":4,"83":4,"84":4,"88":4,"89":4,"93":2,"94":2,"98":5,"101":5,"109":2,"110":2,"124":5,"125":15,"126":15,"128":5,"129":5,"130":5,"143":2,"144":2,"155":4,"156":4,"157":4,"168":0,"169":0,"180":4,"181":2,"182":2,"183":2,"184":2,"185":2,"188":0,"189":0,"202":8,"203":8,"204":20,"205":12,"206":20,"207":4,"224":2,"225":2,"231":2,"232":2,"239":2,"255":4,"256":12,"257":6,"269":0,"280":4,"281":4,"282":4,"283":4,"284":12,"285":6,"286":6,"288":4,"289":4,"290":6},"path":"/home/nico/Desktop/public_repos/single_multisig/contracts/SingleMultisig.sol","s":{"1":0,"2":0,"3":8,"4":5,"5":4,"6":4,"7":4,"8":4,"9":2,"10":5,"11":2,"12":2,"13":5,"14":15,"15":15,"16":5,"17":5,"18":5,"19":2,"20":2,"21":4,"22":4,"23":4,"24":0,"25":0,"26":4,"27":2,"28":2,"29":2,"30":2,"31":2,"32":0,"33":0,"34":8,"35":8,"36":20,"37":12,"38":20,"39":4,"40":2,"41":2,"42":2,"43":2,"44":2,"45":4,"46":12,"47":6,"48":0,"49":4,"50":4,"51":4,"52":12,"53":6,"54":6,"55":4,"56":4,"57":6},"b":{"1":[0,0],"2":[0,0],"3":[8,0],"4":[2,3],"5":[4,0],"6":[4,0],"7":[4,0],"8":[4,0],"9":[2,0],"10":[5,0],"11":[2,0],"12":[15,0],"13":[2,2],"14":[2,0],"15":[12,8],"16":[4,16],"17":[6,6],"18":[6,6]},"f":{"1":0,"2":0,"3":8,"4":5,"5":4,"6":4,"7":4,"8":4,"9":2,"10":5,"11":2,"12":5,"13":2,"14":4,"15":0,"16":4,"17":8,"18":2,"19":2,"20":4,"21":0,"22":4},"fnMap":{"1":{"name":"onlyWallet","line":51,"loc":{"start":{"line":51,"column":4},"end":{"line":51,"column":23}}},"2":{"name":"ownerDoesNotExist","line":56,"loc":{"start":{"line":56,"column":4},"end":{"line":56,"column":43}}},"3":{"name":"ownerExists","line":61,"loc":{"start":{"line":61,"column":4},"end":{"line":61,"column":37}}},"4":{"name":"onlyOneTransaction","line":66,"loc":{"start":{"line":66,"column":4},"end":{"line":66,"column":31}}},"5":{"name":"transactionExists","line":72,"loc":{"start":{"line":72,"column":4},"end":{"line":72,"column":48}}},"6":{"name":"confirmed","line":77,"loc":{"start":{"line":77,"column":4},"end":{"line":77,"column":55}}},"7":{"name":"notConfirmed","line":82,"loc":{"start":{"line":82,"column":4},"end":{"line":82,"column":58}}},"8":{"name":"notExecuted","line":87,"loc":{"start":{"line":87,"column":4},"end":{"line":87,"column":42}}},"9":{"name":"notNull","line":92,"loc":{"start":{"line":92,"column":4},"end":{"line":92,"column":36}}},"10":{"name":"validRequirement","line":97,"loc":{"start":{"line":97,"column":4},"end":{"line":97,"column":60}}},"11":{"name":null,"line":105,"loc":{"start":{"line":105,"column":4},"end":{"line":108,"column":5}}},"12":{"name":null,"line":120,"loc":{"start":{"line":120,"column":4},"end":{"line":123,"column":5}}},"13":{"name":"submitTransaction","line":138,"loc":{"start":{"line":138,"column":4},"end":{"line":142,"column":5}}},"14":{"name":"confirmTransaction","line":149,"loc":{"start":{"line":149,"column":4},"end":{"line":154,"column":5}}},"15":{"name":"revokeConfirmation","line":162,"loc":{"start":{"line":162,"column":4},"end":{"line":167,"column":5}}},"16":{"name":"executeTransaction","line":174,"loc":{"start":{"line":174,"column":4},"end":{"line":179,"column":5}}},"17":{"name":"isConfirmed","line":197,"loc":{"start":{"line":197,"column":4},"end":{"line":201,"column":5}}},"18":{"name":"addTransaction","line":219,"loc":{"start":{"line":219,"column":4},"end":{"line":223,"column":5}}},"19":{"name":"destroyContract","line":236,"loc":{"start":{"line":236,"column":4},"end":{"line":238,"column":5}}},"20":{"name":"getConfirmationCount","line":250,"loc":{"start":{"line":250,"column":4},"end":{"line":254,"column":5}}},"21":{"name":"getOwners","line":264,"loc":{"start":{"line":264,"column":4},"end":{"line":268,"column":5}}},"22":{"name":"getConfirmations","line":275,"loc":{"start":{"line":275,"column":4},"end":{"line":279,"column":5}}}},"statementMap":{"1":{"start":{"line":52,"column":8},"end":{"line":52,"column":43}},"2":{"start":{"line":57,"column":8},"end":{"line":57,"column":31}},"3":{"start":{"line":62,"column":8},"end":{"line":62,"column":30}},"4":{"start":{"line":67,"column":8},"end":{"line":67,"column":37}},"5":{"start":{"line":73,"column":8},"end":{"line":73,"column":60}},"6":{"start":{"line":78,"column":8},"end":{"line":78,"column":51}},"7":{"start":{"line":83,"column":8},"end":{"line":83,"column":52}},"8":{"start":{"line":88,"column":8},"end":{"line":88,"column":53}},"9":{"start":{"line":93,"column":8},"end":{"line":93,"column":29}},"10":{"start":{"line":98,"column":8},"end":{"line":98,"column":2454}},"11":{"start":{"line":109,"column":8},"end":{"line":109,"column":2716}},"12":{"start":{"line":110,"column":12},"end":{"line":110,"column":47}},"13":{"start":{"line":124,"column":8},"end":{"line":124,"column":3172}},"14":{"start":{"line":125,"column":12},"end":{"line":125,"column":59}},"15":{"start":{"line":126,"column":12},"end":{"line":126,"column":37}},"16":{"start":{"line":128,"column":8},"end":{"line":128,"column":23}},"17":{"start":{"line":129,"column":8},"end":{"line":129,"column":27}},"18":{"start":{"line":130,"column":8},"end":{"line":130,"column":39}},"19":{"start":{"line":143,"column":8},"end":{"line":143,"column":63}},"20":{"start":{"line":144,"column":8},"end":{"line":144,"column":40}},"21":{"start":{"line":155,"column":8},"end":{"line":155,"column":54}},"22":{"start":{"line":156,"column":8},"end":{"line":156,"column":52}},"23":{"start":{"line":157,"column":8},"end":{"line":157,"column":40}},"24":{"start":{"line":168,"column":8},"end":{"line":168,"column":55}},"25":{"start":{"line":169,"column":8},"end":{"line":169,"column":50}},"26":{"start":{"line":180,"column":8},"end":{"line":180,"column":5141}},"27":{"start":{"line":181,"column":12},"end":{"line":181,"column":64}},"28":{"start":{"line":182,"column":12},"end":{"line":182,"column":30}},"29":{"start":{"line":183,"column":12},"end":{"line":183,"column":5291}},"30":{"start":{"line":184,"column":16},"end":{"line":184,"column":45}},"31":{"start":{"line":185,"column":16},"end":{"line":185,"column":32}},"32":{"start":{"line":188,"column":16},"end":{"line":188,"column":52}},"33":{"start":{"line":189,"column":16},"end":{"line":189,"column":35}},"34":{"start":{"line":202,"column":8},"end":{"line":202,"column":21}},"35":{"start":{"line":203,"column":8},"end":{"line":203,"column":5894}},"36":{"start":{"line":204,"column":12},"end":{"line":204,"column":5967}},"37":{"start":{"line":205,"column":16},"end":{"line":205,"column":25}},"38":{"start":{"line":206,"column":12},"end":{"line":206,"column":6053}},"39":{"start":{"line":207,"column":16},"end":{"line":207,"column":27}},"40":{"start":{"line":224,"column":8},"end":{"line":224,"column":39}},"41":{"start":{"line":225,"column":8},"end":{"line":225,"column":6643}},"42":{"start":{"line":231,"column":8},"end":{"line":231,"column":28}},"43":{"start":{"line":232,"column":8},"end":{"line":232,"column":38}},"44":{"start":{"line":239,"column":8},"end":{"line":239,"column":32}},"45":{"start":{"line":255,"column":8},"end":{"line":255,"column":7444}},"46":{"start":{"line":256,"column":12},"end":{"line":256,"column":7497}},"47":{"start":{"line":257,"column":16},"end":{"line":257,"column":25}},"48":{"start":{"line":269,"column":8},"end":{"line":269,"column":21}},"49":{"start":{"line":280,"column":8},"end":{"line":280,"column":72}},"50":{"start":{"line":281,"column":8},"end":{"line":281,"column":21}},"51":{"start":{"line":283,"column":8},"end":{"line":283,"column":8212}},"52":{"start":{"line":284,"column":12},"end":{"line":284,"column":8260}},"53":{"start":{"line":285,"column":16},"end":{"line":285,"column":51}},"54":{"start":{"line":286,"column":16},"end":{"line":286,"column":25}},"55":{"start":{"line":288,"column":8},"end":{"line":288,"column":44}},"56":{"start":{"line":289,"column":8},"end":{"line":289,"column":8498}},"57":{"start":{"line":290,"column":12},"end":{"line":290,"column":51}}},"branchMap":{"1":{"line":52,"type":"if","locations":[{"start":{"line":52,"column":8},"end":{"line":52,"column":8}},{"start":{"line":52,"column":8},"end":{"line":52,"column":8}}]},"2":{"line":57,"type":"if","locations":[{"start":{"line":57,"column":8},"end":{"line":57,"column":8}},{"start":{"line":57,"column":8},"end":{"line":57,"column":8}}]},"3":{"line":62,"type":"if","locations":[{"start":{"line":62,"column":8},"end":{"line":62,"column":8}},{"start":{"line":62,"column":8},"end":{"line":62,"column":8}}]},"4":{"line":67,"type":"if","locations":[{"start":{"line":67,"column":8},"end":{"line":67,"column":8}},{"start":{"line":67,"column":8},"end":{"line":67,"column":8}}]},"5":{"line":73,"type":"if","locations":[{"start":{"line":73,"column":8},"end":{"line":73,"column":8}},{"start":{"line":73,"column":8},"end":{"line":73,"column":8}}]},"6":{"line":78,"type":"if","locations":[{"start":{"line":78,"column":8},"end":{"line":78,"column":8}},{"start":{"line":78,"column":8},"end":{"line":78,"column":8}}]},"7":{"line":83,"type":"if","locations":[{"start":{"line":83,"column":8},"end":{"line":83,"column":8}},{"start":{"line":83,"column":8},"end":{"line":83,"column":8}}]},"8":{"line":88,"type":"if","locations":[{"start":{"line":88,"column":8},"end":{"line":88,"column":8}},{"start":{"line":88,"column":8},"end":{"line":88,"column":8}}]},"9":{"line":93,"type":"if","locations":[{"start":{"line":93,"column":8},"end":{"line":93,"column":8}},{"start":{"line":93,"column":8},"end":{"line":93,"column":8}}]},"10":{"line":98,"type":"if","locations":[{"start":{"line":98,"column":8},"end":{"line":98,"column":8}},{"start":{"line":98,"column":8},"end":{"line":98,"column":8}}]},"11":{"line":109,"type":"if","locations":[{"start":{"line":109,"column":8},"end":{"line":109,"column":8}},{"start":{"line":109,"column":8},"end":{"line":109,"column":8}}]},"12":{"line":125,"type":"if","locations":[{"start":{"line":125,"column":12},"end":{"line":125,"column":12}},{"start":{"line":125,"column":12},"end":{"line":125,"column":12}}]},"13":{"line":180,"type":"if","locations":[{"start":{"line":180,"column":8},"end":{"line":180,"column":8}},{"start":{"line":180,"column":8},"end":{"line":180,"column":8}}]},"14":{"line":183,"type":"if","locations":[{"start":{"line":183,"column":12},"end":{"line":183,"column":12}},{"start":{"line":183,"column":12},"end":{"line":183,"column":12}}]},"15":{"line":204,"type":"if","locations":[{"start":{"line":204,"column":12},"end":{"line":204,"column":12}},{"start":{"line":204,"column":12},"end":{"line":204,"column":12}}]},"16":{"line":206,"type":"if","locations":[{"start":{"line":206,"column":12},"end":{"line":206,"column":12}},{"start":{"line":206,"column":12},"end":{"line":206,"column":12}}]},"17":{"line":256,"type":"if","locations":[{"start":{"line":256,"column":12},"end":{"line":256,"column":12}},{"start":{"line":256,"column":12},"end":{"line":256,"column":12}}]},"18":{"line":284,"type":"if","locations":[{"start":{"line":284,"column":12},"end":{"line":284,"column":12}},{"start":{"line":284,"column":12},"end":{"line":284,"column":12}}]}}}}