TN:
SF:/home/nico/Desktop/public_repos/single_multisig/contracts/BasicToken.sol
FN:20,totalSupply
FN:29,transfer
FN:44,balanceOf
FNF:3
FNH:3
FNDA:1,totalSupply
FNDA:7,transfer
FNDA:12,balanceOf
DA:21,1
DA:30,7
DA:31,6
DA:33,5
DA:34,5
DA:35,5
DA:36,5
DA:45,12
LF:8
LH:8
BRDA:30,1,0,6
BRDA:30,1,1,1
BRDA:31,2,0,5
BRDA:31,2,1,1
BRF:4
BRH:4
end_of_record
TN:
SF:/home/nico/Desktop/public_repos/single_multisig/contracts/ERC20.sol
FNF:0
FNH:0
LF:0
LH:0
BRF:0
BRH:0
end_of_record
TN:
SF:/home/nico/Desktop/public_repos/single_multisig/contracts/ERC20Basic.sol
FNF:0
FNH:0
LF:0
LH:0
BRF:0
BRH:0
end_of_record
TN:
SF:/home/nico/Desktop/public_repos/single_multisig/contracts/mocks/SafeMathMock.sol
FN:7,mul
FN:11,div
FN:15,sub
FN:19,add
FNF:4
FNH:4
FNDA:3,mul
FNDA:2,div
FNDA:2,sub
FNDA:2,add
DA:8,3
DA:12,2
DA:16,2
DA:20,2
LF:4
LH:4
BRF:0
BRH:0
end_of_record
TN:
SF:/home/nico/Desktop/public_repos/single_multisig/contracts/mocks/StandardTokenMock.sol
FN:8,
FNF:1
FNH:1
FNDA:40,
DA:9,40
DA:10,40
LF:2
LH:2
BRF:0
BRH:0
end_of_record
TN:
SF:/home/nico/Desktop/public_repos/single_multisig/contracts/Ownable.sol
FN:17,
FN:24,onlyOwner
FN:33,transferOwnership
FNF:3
FNH:3
FNDA:9,
FNDA:8,onlyOwner
FNDA:7,transferOwnership
DA:18,9
DA:25,8
DA:26,7
DA:34,7
DA:35,6
DA:36,6
LF:6
LH:6
BRDA:25,1,0,7
BRDA:25,1,1,1
BRDA:34,2,0,6
BRDA:34,2,1,1
BRF:4
BRH:4
end_of_record
TN:
SF:/home/nico/Desktop/public_repos/single_multisig/contracts/SafeMath.sol
FN:13,mul
FN:25,div
FN:35,sub
FN:43,add
FNF:4
FNH:4
FNDA:3,mul
FNDA:2,div
FNDA:15,sub
FNDA:18,add
DA:14,3
DA:15,1
DA:17,2
DA:18,2
DA:19,1
DA:29,2
DA:36,15
DA:37,14
DA:44,18
DA:45,18
DA:46,17
LF:11
LH:11
BRDA:14,1,0,1
BRDA:14,1,1,2
BRDA:18,2,0,1
BRDA:18,2,1,1
BRDA:36,3,0,14
BRDA:36,3,1,1
BRDA:45,4,0,17
BRDA:45,4,1,1
BRF:8
BRH:8
end_of_record
TN:
SF:/home/nico/Desktop/public_repos/single_multisig/contracts/SingleMultisig.sol
FN:50,onlyWallet
FN:55,ownerDoesNotExist
FN:60,ownerExists
FN:65,onlyOneTransaction
FN:71,transactionExists
FN:76,confirmed
FN:81,notConfirmed
FN:86,notExecuted
FN:91,notNull
FN:96,validRequirement
FN:104,
FN:119,
FN:137,submitTransaction
FN:148,confirmTransaction
FN:161,revokeConfirmation
FN:173,executeTransaction
FN:196,isConfirmed
FN:218,addTransaction
FN:240,getConfirmationCount
FN:254,getOwners
FN:265,getConfirmations
FNF:21
FNH:17
FNDA:0,onlyWallet
FNDA:0,ownerDoesNotExist
FNDA:8,ownerExists
FNDA:5,onlyOneTransaction
FNDA:4,transactionExists
FNDA:4,confirmed
FNDA:4,notConfirmed
FNDA:4,notExecuted
FNDA:2,notNull
FNDA:5,validRequirement
FNDA:2,
FNDA:5,
FNDA:2,submitTransaction
FNDA:4,confirmTransaction
FNDA:0,revokeConfirmation
FNDA:4,executeTransaction
FNDA:8,isConfirmed
FNDA:2,addTransaction
FNDA:4,getConfirmationCount
FNDA:0,getOwners
FNDA:4,getConfirmations
DA:51,0
DA:52,0
DA:56,0
DA:57,0
DA:61,8
DA:62,8
DA:66,5
DA:67,2
DA:72,4
DA:73,4
DA:77,4
DA:78,4
DA:82,4
DA:83,4
DA:87,4
DA:88,4
DA:92,2
DA:93,2
DA:97,5
DA:100,5
DA:108,2
DA:109,2
DA:123,5
DA:124,15
DA:125,15
DA:127,5
DA:128,5
DA:129,5
DA:142,2
DA:143,2
DA:154,4
DA:155,4
DA:156,4
DA:167,0
DA:168,0
DA:179,4
DA:180,2
DA:181,2
DA:182,2
DA:183,2
DA:184,2
DA:187,0
DA:188,0
DA:201,8
DA:202,8
DA:203,20
DA:204,12
DA:205,20
DA:206,4
DA:223,2
DA:224,2
DA:230,2
DA:231,2
DA:245,4
DA:246,12
DA:247,6
DA:259,0
DA:270,4
DA:271,4
DA:272,4
DA:273,4
DA:274,12
DA:275,6
DA:276,6
DA:278,4
DA:279,4
DA:280,6
LF:67
LH:58
BRDA:51,1,0,0
BRDA:51,1,1,0
BRDA:56,2,0,0
BRDA:56,2,1,0
BRDA:61,3,0,8
BRDA:61,3,1,0
BRDA:66,4,0,2
BRDA:66,4,1,3
BRDA:72,5,0,4
BRDA:72,5,1,0
BRDA:77,6,0,4
BRDA:77,6,1,0
BRDA:82,7,0,4
BRDA:82,7,1,0
BRDA:87,8,0,4
BRDA:87,8,1,0
BRDA:92,9,0,2
BRDA:92,9,1,0
BRDA:97,10,0,5
BRDA:97,10,1,0
BRDA:108,11,0,2
BRDA:108,11,1,0
BRDA:124,12,0,15
BRDA:124,12,1,0
BRDA:179,13,0,2
BRDA:179,13,1,2
BRDA:182,14,0,2
BRDA:182,14,1,0
BRDA:203,15,0,12
BRDA:203,15,1,8
BRDA:205,16,0,4
BRDA:205,16,1,16
BRDA:246,17,0,6
BRDA:246,17,1,6
BRDA:274,18,0,6
BRDA:274,18,1,6
BRF:36
BRH:22
end_of_record
TN:
SF:/home/nico/Desktop/public_repos/single_multisig/contracts/StandardToken.sol
FN:25,transferFrom
FN:47,approve
FN:59,allowance
FN:73,increaseApproval
FN:89,decreaseApproval
FNF:5
FNH:5
FNDA:7,transferFrom
FNDA:21,approve
FNDA:16,allowance
FNDA:8,increaseApproval
FNDA:8,decreaseApproval
DA:26,7
DA:27,6
DA:28,4
DA:30,3
DA:31,3
DA:32,3
DA:33,3
DA:34,3
DA:48,21
DA:49,21
DA:50,21
DA:60,16
DA:74,8
DA:75,8
DA:76,8
DA:90,8
DA:91,8
DA:92,6
DA:94,2
DA:96,8
DA:97,8
LF:21
LH:21
BRDA:26,1,0,6
BRDA:26,1,1,1
BRDA:27,2,0,4
BRDA:27,2,1,2
BRDA:28,3,0,3
BRDA:28,3,1,1
BRDA:91,4,0,6
BRDA:91,4,1,2
BRF:8
BRH:8
end_of_record
