TN:
SF:/home/nico/Desktop/public_repos/single_multisig/contracts/Destructible.sol
FN:11,
FN:16,destroy
FN:20,destroyAndSend
FNF:3
FNH:3
FNDA:7,
FNDA:1,destroy
FNDA:1,destroyAndSend
DA:17,1
DA:21,1
LF:2
LH:2
BRF:0
BRH:0
end_of_record
TN:
SF:/home/nico/Desktop/public_repos/single_multisig/contracts/Ownable.sol
FN:19,
FN:26,onlyOwner
FN:35,transferOwnership
FNF:3
FNH:3
FNDA:11,
FNDA:10,onlyOwner
FNDA:7,transferOwnership
DA:20,11
DA:27,10
DA:28,9
DA:36,7
DA:37,6
DA:38,6
LF:6
LH:6
BRDA:27,1,0,9
BRDA:27,1,1,1
BRDA:36,2,0,6
BRDA:36,2,1,1
BRF:4
BRH:4
end_of_record
TN:
SF:/home/nico/Desktop/public_repos/single_multisig/contracts/SingleMultisig.sol
FN:51,onlyWallet
FN:56,ownerDoesNotExist
FN:61,ownerExists
FN:66,onlyOneTransaction
FN:72,transactionExists
FN:77,confirmed
FN:82,notConfirmed
FN:87,notExecuted
FN:92,notNull
FN:97,validRequirement
FN:105,
FN:120,
FN:138,submitTransaction
FN:149,confirmTransaction
FN:162,revokeConfirmation
FN:174,executeTransaction
FN:197,isConfirmed
FN:219,addTransaction
FN:236,destroyContract
FN:250,getConfirmationCount
FN:264,getOwners
FN:275,getConfirmations
FNF:22
FNH:18
FNDA:0,onlyWallet
FNDA:0,ownerDoesNotExist
FNDA:8,ownerExists
FNDA:5,onlyOneTransaction
FNDA:4,transactionExists
FNDA:4,confirmed
FNDA:4,notConfirmed
FNDA:4,notExecuted
FNDA:2,notNull
FNDA:5,validRequirement
FNDA:2,
FNDA:5,
FNDA:2,submitTransaction
FNDA:4,confirmTransaction
FNDA:0,revokeConfirmation
FNDA:4,executeTransaction
FNDA:8,isConfirmed
FNDA:2,addTransaction
FNDA:2,destroyContract
FNDA:4,getConfirmationCount
FNDA:0,getOwners
FNDA:4,getConfirmations
DA:52,0
DA:53,0
DA:57,0
DA:58,0
DA:62,8
DA:63,8
DA:67,5
DA:68,2
DA:73,4
DA:74,4
DA:78,4
DA:79,4
DA:83,4
DA:84,4
DA:88,4
DA:89,4
DA:93,2
DA:94,2
DA:98,5
DA:101,5
DA:109,2
DA:110,2
DA:124,5
DA:125,15
DA:126,15
DA:128,5
DA:129,5
DA:130,5
DA:143,2
DA:144,2
DA:155,4
DA:156,4
DA:157,4
DA:168,0
DA:169,0
DA:180,4
DA:181,2
DA:182,2
DA:183,2
DA:184,2
DA:185,2
DA:188,0
DA:189,0
DA:202,8
DA:203,8
DA:204,20
DA:205,12
DA:206,20
DA:207,4
DA:224,2
DA:225,2
DA:231,2
DA:232,2
DA:239,2
DA:255,4
DA:256,12
DA:257,6
DA:269,0
DA:280,4
DA:281,4
DA:282,4
DA:283,4
DA:284,12
DA:285,6
DA:286,6
DA:288,4
DA:289,4
DA:290,6
LF:68
LH:59
BRDA:52,1,0,0
BRDA:52,1,1,0
BRDA:57,2,0,0
BRDA:57,2,1,0
BRDA:62,3,0,8
BRDA:62,3,1,0
BRDA:67,4,0,2
BRDA:67,4,1,3
BRDA:73,5,0,4
BRDA:73,5,1,0
BRDA:78,6,0,4
BRDA:78,6,1,0
BRDA:83,7,0,4
BRDA:83,7,1,0
BRDA:88,8,0,4
BRDA:88,8,1,0
BRDA:93,9,0,2
BRDA:93,9,1,0
BRDA:98,10,0,5
BRDA:98,10,1,0
BRDA:109,11,0,2
BRDA:109,11,1,0
BRDA:125,12,0,15
BRDA:125,12,1,0
BRDA:180,13,0,2
BRDA:180,13,1,2
BRDA:183,14,0,2
BRDA:183,14,1,0
BRDA:204,15,0,12
BRDA:204,15,1,8
BRDA:206,16,0,4
BRDA:206,16,1,16
BRDA:256,17,0,6
BRDA:256,17,1,6
BRDA:284,18,0,6
BRDA:284,18,1,6
BRF:36
BRH:22
end_of_record
